<?xml version="1.0" encoding="UTF-8"?>
<testng-results ignored="0" total="1" passed="1" failed="0" skipped="0">
  <reporter-output>
  </reporter-output>
  <suite started-at="2021-09-05T11:29:06 WAT" name="All Test Suite" finished-at="2021-09-05T11:29:06 WAT" duration-ms="49">
    <groups>
    </groups>
    <test started-at="2021-09-05T11:29:06 WAT" name="/Users/ieze/Desktop/test-project" finished-at="2021-09-05T11:29:06 WAT" duration-ms="49">
      <class name="org.example.AccountScreenTest">
        <test-method signature="UpgradeAccount()[pri:0, instance:org.example.AccountScreenTest@5bf0d49]" started-at="2021-09-05T11:29:06 WAT" name="UpgradeAccount" finished-at="2021-09-05T11:29:06 WAT" duration-ms="6" status="PASS">
          <reporter-output>
          </reporter-output>
        </test-method> <!-- UpgradeAccount -->
      </class> <!-- org.example.AccountScreenTest -->
    </test> <!-- /Users/ieze/Desktop/test-project -->
  </suite> <!-- All Test Suite -->
</testng-results>
